mode: set
github.com/spc/building-plan-api/main.go:34.13,37.21 2 0
github.com/spc/building-plan-api/main.go:37.21,39.3 1 0
github.com/spc/building-plan-api/main.go:41.2,42.20 2 0
github.com/spc/building-plan-api/main.go:42.20,44.3 1 0
github.com/spc/building-plan-api/main.go:46.2,47.16 2 0
github.com/spc/building-plan-api/main.go:47.16,49.3 1 0
github.com/spc/building-plan-api/main.go:49.8,50.16 1 0
github.com/spc/building-plan-api/main.go:50.16,51.57 1 0
github.com/spc/building-plan-api/main.go:51.57,53.5 1 0
github.com/spc/building-plan-api/main.go:58.2,72.40 9 0
github.com/spc/building-plan-api/main.go:72.40,76.3 1 0
github.com/spc/building-plan-api/main.go:79.2,80.2 2 0
github.com/spc/building-plan-api/main.go:80.2,95.3 13 0
github.com/spc/building-plan-api/main.go:97.2,98.16 2 0
github.com/spc/building-plan-api/main.go:98.16,100.3 1 0
github.com/spc/building-plan-api/main.go:102.2,102.33 1 0
internal/database/database.go:29.15,31.18 2 1
internal/database/database.go:31.18,33.3 1 0
internal/database/database.go:35.2,38.16 2 1
internal/database/database.go:38.16,40.3 1 0
internal/database/database.go:43.2,45.16 3 1
internal/database/database.go:45.16,47.3 1 0
internal/database/database.go:49.2,50.48 2 1
internal/handlers/handlers.go:45.35,47.47 2 1
internal/handlers/handlers.go:47.47,50.3 2 0
internal/handlers/handlers.go:52.2,55.25 3 1
internal/handlers/handlers.go:55.25,62.3 2 0
internal/handlers/handlers.go:64.2,64.29 1 1
internal/handlers/handlers.go:67.47,72.2 4 1
internal/handlers/handlers.go:74.48,77.52 3 1
internal/handlers/handlers.go:77.52,80.3 2 0
internal/handlers/handlers.go:82.2,83.63 2 1
internal/handlers/handlers.go:83.63,86.3 2 0
internal/handlers/handlers.go:89.2,90.131 2 1
internal/handlers/handlers.go:90.131,93.3 2 0
internal/handlers/handlers.go:95.2,97.38 3 1
internal/handlers/handlers.go:100.48,106.2 4 1
internal/handlers/handlers.go:108.50,111.50 3 1
internal/handlers/handlers.go:111.50,114.3 2 0
internal/handlers/handlers.go:116.2,117.71 2 1
internal/handlers/handlers.go:117.71,120.3 2 0
internal/handlers/handlers.go:122.2,125.36 4 1
internal/handlers/handlers.go:128.39,131.90 3 1
internal/handlers/handlers.go:131.90,134.3 2 0
internal/handlers/handlers.go:135.2,135.31 1 1
internal/handlers/handlers.go:138.42,146.25 4 1
internal/handlers/handlers.go:146.25,149.3 2 0
internal/handlers/handlers.go:153.2,153.72 1 1
internal/handlers/handlers.go:156.48,163.47 3 1
internal/handlers/handlers.go:163.47,166.3 2 0
internal/handlers/handlers.go:168.2,169.67 2 1
internal/handlers/handlers.go:169.67,172.3 2 0
internal/handlers/handlers.go:174.2,177.31 3 1
internal/handlers/handlers.go:187.34,189.20 2 0
internal/handlers/handlers.go:189.20,191.3 1 0
internal/handlers/handlers.go:194.2,194.45 1 0
internal/handlers/handlers.go:194.45,196.3 1 0
internal/handlers/handlers.go:196.8,196.50 1 0
internal/handlers/handlers.go:196.50,198.3 1 0
internal/handlers/handlers.go:201.2,202.16 2 0
internal/handlers/handlers.go:202.16,205.3 2 0
internal/handlers/handlers.go:206.2,210.16 3 0
internal/handlers/handlers.go:210.16,213.3 2 0
internal/handlers/handlers.go:214.2,217.16 3 0
internal/handlers/handlers.go:217.16,221.3 3 0
internal/handlers/handlers.go:222.2,226.16 3 0
internal/handlers/handlers.go:226.16,229.3 2 0
internal/handlers/handlers.go:232.2,232.60 1 0
internal/handlers/handlers.go:235.44,237.20 2 0
internal/handlers/handlers.go:237.20,239.3 1 0
internal/handlers/handlers.go:239.8,240.44 1 0
internal/handlers/handlers.go:240.44,242.4 1 0
internal/handlers/handlers.go:246.2,247.16 2 0
internal/handlers/handlers.go:247.16,250.3 2 0
internal/handlers/handlers.go:251.2,255.16 3 0
internal/handlers/handlers.go:255.16,258.3 2 0
internal/handlers/handlers.go:259.2,262.16 3 0
internal/handlers/handlers.go:262.16,266.3 3 0
internal/handlers/handlers.go:267.2,271.16 3 0
internal/handlers/handlers.go:271.16,274.3 2 0
internal/handlers/handlers.go:277.2,277.60 1 0
internal/handlers/handlers.go:280.41,283.16 2 0
internal/handlers/handlers.go:283.16,286.3 2 0
internal/handlers/handlers.go:289.2,290.16 2 0
internal/handlers/handlers.go:290.16,293.3 2 0
internal/handlers/handlers.go:294.2,298.20 3 0
internal/handlers/handlers.go:298.20,300.3 1 0
internal/handlers/handlers.go:300.8,301.47 1 0
internal/handlers/handlers.go:301.47,303.4 1 0
internal/handlers/handlers.go:307.2,312.16 4 0
internal/handlers/handlers.go:312.16,315.3 2 0
internal/handlers/handlers.go:318.2,319.16 2 0
internal/handlers/handlers.go:319.16,322.3 2 0
internal/handlers/handlers.go:325.2,326.16 2 0
internal/handlers/handlers.go:326.16,329.3 2 0
internal/handlers/handlers.go:332.2,333.16 2 0
internal/handlers/handlers.go:333.16,336.3 2 0
internal/handlers/handlers.go:339.2,343.16 3 0
internal/handlers/handlers.go:343.16,347.3 3 0
internal/handlers/handlers.go:348.2,352.16 3 0
internal/handlers/handlers.go:352.16,355.3 2 0
internal/handlers/handlers.go:359.2,365.44 4 0
internal/handlers/handlers.go:365.44,367.3 1 0
internal/handlers/handlers.go:371.2,374.23 2 0
internal/handlers/handlers.go:374.23,376.71 2 0
internal/handlers/handlers.go:376.71,389.4 4 0
internal/handlers/handlers.go:393.2,393.60 1 0
internal/handlers/handlers.go:397.50,401.23 3 0
internal/handlers/handlers.go:401.23,403.3 1 0
internal/handlers/handlers.go:406.2,414.16 4 0
internal/handlers/handlers.go:414.16,417.3 2 0
internal/handlers/handlers.go:418.2,424.16 3 0
internal/handlers/handlers.go:424.16,427.3 2 0
internal/handlers/handlers.go:429.2,429.41 1 0
internal/handlers/handlers.go:429.41,430.56 1 0
internal/handlers/handlers.go:430.56,432.74 2 0
internal/handlers/handlers.go:432.74,435.5 2 0
internal/handlers/handlers.go:436.4,437.10 2 0
internal/handlers/handlers.go:442.2,442.31 1 0
internal/handlers/handlers.go:450.80,452.30 2 0
internal/handlers/handlers.go:452.30,453.24 1 0
internal/handlers/handlers.go:453.24,455.4 1 0
internal/handlers/handlers.go:457.2,457.19 1 0
internal/handlers/handlers.go:457.19,459.3 1 0
internal/handlers/handlers.go:460.2,460.30 1 0
internal/handlers/handlers.go:464.40,466.51 2 0
internal/handlers/handlers.go:466.51,469.3 2 0
internal/handlers/handlers.go:471.2,472.18 2 0
internal/handlers/handlers.go:472.18,475.3 1 0
internal/handlers/handlers.go:478.2,482.18 3 0
internal/handlers/handlers.go:482.18,489.3 1 0
internal/handlers/handlers.go:491.2,497.16 3 0
internal/handlers/handlers.go:497.16,500.3 2 0
internal/handlers/handlers.go:501.2,507.16 3 0
internal/handlers/handlers.go:507.16,510.3 2 0
internal/handlers/handlers.go:512.2,512.41 1 0
internal/handlers/handlers.go:512.41,513.56 1 0
internal/handlers/handlers.go:513.56,517.4 2 0
internal/handlers/handlers.go:521.2,521.31 1 0
internal/handlers/registry.go:26.48,31.2 4 0
internal/handlers/registry.go:33.83,36.16 3 0
internal/handlers/registry.go:36.16,38.3 1 0
internal/handlers/registry.go:39.2,47.16 5 0
internal/handlers/registry.go:47.16,49.3 1 0
internal/handlers/registry.go:52.2,52.31 1 0
internal/handlers/registry.go:52.31,54.3 1 0
internal/handlers/registry.go:56.2,59.33 2 0
internal/handlers/registry.go:59.33,61.3 1 0
internal/handlers/registry.go:63.2,63.38 1 0
internal/handlers/registry.go:66.57,70.16 4 0
internal/handlers/registry.go:70.16,72.3 1 0
internal/handlers/registry.go:74.2,75.16 2 0
internal/handlers/registry.go:75.16,77.3 1 0
internal/handlers/registry.go:79.2,79.54 1 0
internal/telemetry/telemetry.go:39.119,44.46 2 0
internal/telemetry/telemetry.go:44.46,46.36 2 0
internal/telemetry/telemetry.go:46.36,48.4 1 0
internal/telemetry/telemetry.go:49.3,50.13 2 0
internal/telemetry/telemetry.go:53.2,61.50 2 0
internal/telemetry/telemetry.go:61.50,63.3 1 0
internal/telemetry/telemetry.go:63.8,63.23 1 0
internal/telemetry/telemetry.go:63.23,65.3 1 0
internal/telemetry/telemetry.go:68.2,69.16 2 0
internal/telemetry/telemetry.go:69.16,71.3 1 0
internal/telemetry/telemetry.go:75.2,81.16 2 0
internal/telemetry/telemetry.go:81.16,83.3 1 0
internal/telemetry/telemetry.go:85.2,96.22 6 0
internal/telemetry/telemetry.go:101.33,110.2 3 0
internal/telemetry/telemetry.go:119.75,121.34 2 0
internal/telemetry/telemetry.go:121.34,136.3 4 0
internal/telemetry/telemetry.go:137.2,137.33 1 0
